gpg-pubkey-105ef944-65ca83d1 1707770833 0 (none) installed
libgcc-15.2.1-3.fc42.x86_64 1761135556 272980 0cd1e69538a53fea076f8ff019257f94 installed
publicsuffix-list-dafsa-20250616-1.fc42.noarch 1750101458 70762 b6b29d5c0ed16fb6a39f751deba4c979 installed
libssh-config-0.11.3-1.fc42.noarch 1757412372 277 3677dc30bef89227e2fb90d4ba93ef4a installed
fedora-release-identity-basic-42-30.noarch 1755720301 646 d6c28e297e3d1d9b216a33117fc3e23d installed
fedora-gpg-keys-42-1.noarch 1743549150 131254 15c2c9c0d79a7193a51aeef3c7631d5c installed
fedora-repos-42-1.noarch 1743549150 4971 ff9d5c0fb23f8005b4839472492501c5 installed
fedora-release-common-42-30.noarch 1755720301 20680 51ac216cce5da3a6541b4936b4964803 installed
fedora-release-42-30.noarch 1755720301 0 7d266ce325a75e5790b0aeef9d5192af installed
setup-2.15.0-13.fc42.noarch 1741803822 738161 01dd8f8ca4b160037773549a81154f3b installed
filesystem-3.18-47.fc42.x86_64 1753909371 112 1de404a513b18590558c7d2865bab500 installed
basesystem-11-22.fc42.noarch 1737030140 0 8551812e8364e3fdfc3104bf26c65eba installed
pcre2-syntax-10.46-1.fc42.noarch 1761241402 281891 4231e00273ccd76a4d00c5929ff06a6e installed
pkgconf-m4-2.3.0-2.fc42.noarch 1737361754 14747 a30e9ed00653d7989d3819b13b530396 installed
rust-srpm-macros-26.4-1.fc42.noarch 1755538930 4965 b9b84ff4a3603d09f2f237f02fca14d4 installed
qt6-srpm-macros-6.9.3-1.fc42.noarch 1760976033 464 3da076bd6d0e736f883cd3057f2b6ab0 installed
qt5-srpm-macros-5.15.18-1.fc42.noarch 1762247043 500 c24896c018eed752e7bc1d0ec5136b1a installed
gnulib-l10n-20241231-1.fc42.noarch 1759147200 670762 c010253442c68070742c052096dd0ae9 installed
coreutils-common-9.6-6.fc42.x86_64 1759149148 11657751 982e755fcbd512af7c0a666600513052 installed
ncurses-base-6.5-5.20250125.fc42.noarch 1738061722 334656 b42c72888da229aee4e4b88d5a6e1d8d installed
glibc-minimal-langpack-2.41-11.fc42.x86_64 1756199490 0 6bccbb0e08ee971c00e5609c0f171f63 installed
ncurses-libs-6.5-5.20250125.fc42.x86_64 1738061712 969007 bea558f10f97d7b35176861f9df4bf8b installed
glibc-2.41-11.fc42.x86_64 1756199490 6960525 4e058adf7c2b94b06a4e0d19a468ed7f installed
bash-5.2.37-1.fc42.x86_64 1731055887 8547020 8f337dde86a07c555890ed24c97da79d installed
glibc-common-2.41-11.fc42.x86_64 1756199490 1062334 2a3c2c20256a79aa72646f618a2aab98 installed
glibc-gconv-extra-2.41-11.fc42.x86_64 1756199490 7568326 98722eadba9b3f749af2ee336f6aed58 installed
zlib-ng-compat-2.2.5-2.fc42.x86_64 1755525762 140920 7ec743972d73e8d86e98fae61d6d9c9b installed
bzip2-libs-1.0.8-20.fc42.x86_64 1737033070 86612 f2569e97f1fb149555f729fe47c49d61 installed
xz-libs-1:5.8.1-2.fc42.x86_64 1745512788 223037 965116671025b41c442927b61e345a2d installed
libuuid-2.40.4-7.fc42.x86_64 1740398558 38221 e2a0587e9540efc06dfdda771151a19b installed
libblkid-2.40.4-7.fc42.x86_64 1740398558 268714 9f42a2b1100bb97af3bab5371ecb2ee0 installed
popt-1.19-8.fc42.x86_64 1737196928 135954 640e79fd834192bea33381a6fbb44fe3 installed
readline-8.2-13.fc42.x86_64 1741227316 496653 6b275d33214f944b58225833dfddebcd installed
gmp-1:6.3.0-4.fc42.x86_64 1741707710 830744 a36aac1ec5da0b0240a937ca679d9990 installed
libzstd-1.5.7-1.fc42.x86_64 1740053887 827222 ca2c708b6db1045fafda11935211c582 installed
elfutils-libelf-0.194-1.fc42.x86_64 1761688776 1173092 01523e86409fe65d331b0236a6f17b1d installed
libstdc++-15.2.1-3.fc42.x86_64 1761135556 2968831 df894efc2fb604a8e4e17792996095ff installed
libxcrypt-4.5.0-1.fc42.x86_64 1762258614 291759 1bb67be785c73280d875031e964e5c1c installed
libattr-2.5.2-5.fc42.x86_64 1737028793 27781 757107dc822660367c14f0c3e776f8bf installed
libacl-2.3.2-3.fc42.x86_64 1737023791 39250 76927624df8bfdaaded5405c99faa264 installed
dwz-0.16-1.fc42.x86_64 1749632691 293988 c01e4a2de83f8231b71a8042bf9aa5a0 installed
mpfr-4.2.2-1.fc42.x86_64 1742492284 848691 40a0f6c794af529d1bc957671a0afe72 installed
gawk-5.3.1-1.fc42.x86_64 1737725303 1760846 1d6d96a1646913fabd16a51f5f942fea installed
unzip-6.0-66.fc42.x86_64 1737294961 399651 e0bc412d3e543ffb7e72b1f1cae3e350 installed
file-libs-5.46-3.fc42.x86_64 1749039434 12431131 cbc818580552e8b36f73830e9712b4d1 installed
file-5.46-3.fc42.x86_64 1749039434 102652 e364ecd6abb869cbed19a6c8d101c001 installed
crypto-policies-20250707-1.gitad370a8.fc42.noarch 1751959318 146279 659185598623753a304989dda3c5e891 installed
libcap-ng-0.8.5-4.fc42.x86_64 1737111057 74691 16540797b36a613b65c31476e6f02d93 installed
audit-libs-4.1.2-2.fc42.x86_64 1760474724 387911 51fe8e0e9ac9ed2c463f55d7ebca3e7d installed
libsmartcols-2.40.4-7.fc42.x86_64 1740398558 184714 673035be9980271248889c8bea1067c8 installed
lz4-libs-1.10.0-2.fc42.x86_64 1737132171 161141 89a485af4995bd540d65fbad29691bb2 installed
libsepol-3.8-1.fc42.x86_64 1738241531 845875 d5b6113188355fa2b58451309906e023 installed
libeconf-0.7.6-2.fc42.x86_64 1749634434 66118 000c4f818a872d06bccbdb94adb70542 installed
pam-libs-1.7.0-6.fc42.x86_64 1750254124 129751 bb1d56b7849379c45f904827d3ddbcd7 installed
libcap-2.73-2.fc42.x86_64 1737750988 212052 b2b7c26aba21c3a2fa2cbfc24d9698b5 installed
systemd-libs-257.10-1.fc42.x86_64 1760386762 2341062 8746a016d1e1cd7321b8e5915db14c63 installed
lua-libs-5.4.8-1.fc42.x86_64 1749053729 287579 5dae1a3db099daac951885234d094253 installed
pcre2-10.46-1.fc42.x86_64 1761241338 714466 7a934615dea40365e0143038b8322fe8 installed
libselinux-3.8-3.fc42.x86_64 1758266478 197701 8542f1bd0f331413c7d4faf83207f5ad installed
grep-3.11-10.fc42.x86_64 1737090825 1042106 27225208b5aec302499f033f5f1b43a9 installed
findutils-1:4.10.0-5.fc42.x86_64 1737051733 1955391 ecb1ff619f84f79ad872422db6c0b278 installed
sed-4.9-4.fc42.x86_64 1737282528 877899 c90b8a5dcb94aa0774584c1fb244e48f installed
xz-1:5.8.1-2.fc42.x86_64 1745512788 1374197 00e8b8fb9cf3d4f7bea6196fb5bf2540 installed
libmount-2.40.4-7.fc42.x86_64 1740398558 364834 b2bf37ce8b030a74a380e018902dd4cb installed
libffi-3.4.6-5.fc42.x86_64 1737596610 84275 86f274a3d66e81ee537b2a9074164c7b installed
libtasn1-4.20.0-1.fc42.x86_64 1739871425 180523 e842fa01494ff434ca9c88f7393be5f2 installed
p11-kit-0.25.8-1.fc42.x86_64 1757758654 2385513 73a415afd899e35f8943d063fcc4edce installed
alternatives-1.33-1.fc42.x86_64 1746806482 63720 ec8de3e3ed3bd851c4b859c64b29e11f installed
libunistring-1.1-9.fc42.x86_64 1737361013 1808725 2c88bdbf9d790990e43d8d1a74b688b0 installed
libidn2-2.3.8-1.fc42.x86_64 1741523544 569884 40f0e79af8c0f7de0a77c7922e5848e7 installed
libpsl-0.21.5-5.fc42.x86_64 1737119649 78272 d4d68ed02c30df2bfa8ca916ee3a0f8f installed
p11-kit-trust-0.25.8-1.fc42.x86_64 1757758654 457249 1330389535b3ab39ca8be109d7be0928 installed
openssl-libs-1:3.2.6-2.fc42.x86_64 1759492913 8198970 502f5c1563f57b4cff9b13af3c90888d installed
coreutils-9.6-6.fc42.x86_64 1759149148 5673393 c5e4a7989ee22ad9228bd639b903e980 installed
ca-certificates-2025.2.80_v9.0.304-1.0.fc42.noarch 1756209916 2801205 1867f105247173de1e0da3ce08febfd1 installed
gzip-1.13-3.fc42.x86_64 1737092999 402282 ab019354d1d0cec1040a2981632ee091 installed
rpm-sequoia-1.7.0-5.fc42.x86_64 1738850609 2530246 4328d948fd0ac0016342d5fef0975ce4 installed
libevent-2.1.12-15.fc42.x86_64 1737112568 924738 8653565737007f4781d606ac96fcd720 installed
util-linux-core-2.40.4-7.fc42.x86_64 1740398558 1472660 450d166be2d33a2c35a4d5d2d19d925e installed
tar-2:1.35-5.fc42.x86_64 1737289562 3097140 a625c0314493c7683b85c8167c10c6b3 installed
libsemanage-3.8.1-2.fc42.x86_64 1748940814 311699 1fb0181bc4cda6fe4377fb86fdd993d4 installed
shadow-utils-2:4.17.4-1.fc42.x86_64 1742890454 4172014 dd0e2c2dc1e362dc847da940517811fd installed
systemd-standalone-sysusers-257.10-1.fc42.x86_64 1760386762 283911 bc2cb763f4f542414bf81bdf0466b917 installed
zstd-1.5.7-1.fc42.x86_64 1740053887 1789449 141a0fcfe6f96fc48e62dcb408e61367 installed
zip-3.0-43.fc42.x86_64 1737305555 715281 e2d236412c587714a4ec689a730f3f8d installed
libfdisk-2.40.4-7.fc42.x86_64 1740398558 381258 5e783bee23d896e597af09490955113e installed
libxml2-2.12.10-1.fc42.x86_64 1741891262 1776364 37b7488be1418aa4df6173c0bf4b9856 installed
libarchive-3.8.1-1.fc42.x86_64 1755522638 978101 f0c5caa3cbbea721eaa0deb51bdbd521 installed
bzip2-1.0.8-20.fc42.x86_64 1737033070 101717 9bfed4fabe4b0c70776cb21e6e3c0563 installed
add-determinism-0.6.0-1.fc42.x86_64 1739207338 2584319 ff79cdfdae466906e7437c2a75bfaffe installed
build-reproducibility-srpm-macros-0.6.0-1.fc42.noarch 1739207369 735 f74d9d3f4982e218c057170dc5bd1870 installed
sqlite-libs-3.47.2-5.fc42.x86_64 1759145654 1584886 113758385a196db6427e6aa003d8f421 installed
rpm-libs-4.20.1-1.fc42.x86_64 1741603653 739152 899f47f8506a0d1efcdf5102766c313e installed
ed-1.21-2.fc42.x86_64 1737045712 150047 31ae737d0eafd6bc903a47701aad465d installed
patch-2.8-1.fc42.x86_64 1743501623 228159 c5c9df299f7c8669ef97c417a9516170 installed
filesystem-srpm-macros-3.18-47.fc42.noarch 1753909396 39123 6d69fc93d1cc6e1ce6ce4a3342f9e0f8 installed
elfutils-default-yama-scope-0.194-1.fc42.noarch 1761688668 1810 772efe06681776eced31188d9afeed22 installed
elfutils-libs-0.194-1.fc42.x86_64 1761688776 703941 49b1e70c8a58b45364f1421769603ceb installed
cpio-2.15-4.fc42.x86_64 1737732133 1146376 a3422a498d53f3cd2047e01d4b135042 installed
diffutils-3.12-1.fc42.x86_64 1744463077 1627849 2d050d6aa40b751bcdce3fb7e7934667 installed
json-c-0.18-2.fc42.x86_64 1737101356 88786 b0bde6113f78b859b2f5eabbbb9191fd installed
libgomp-15.2.1-3.fc42.x86_64 1761135556 554572 70c269e4720eb27ca4c34eb097907ae6 installed
rpm-build-libs-4.20.1-1.fc42.x86_64 1741603653 211536 7bc51af1ca0bc390266f02c03353f49c installed
jansson-2.14-2.fc42.x86_64 1737099902 95293 1e8987cf05f76bbeb4ac13ce2eb026e1 installed
libpkgconf-2.3.0-2.fc42.x86_64 1737361735 79993 3365bc32e3be22ebf8bcee60d5b840cb installed
pkgconf-2.3.0-2.fc42.x86_64 1737361735 90593 d998e945a96364300295e5a98406a5e2 installed
pkgconf-pkg-config-2.3.0-2.fc42.x86_64 1737361735 989 fddec3ef0764d07bece4fd5e6be00d53 installed
libbrotli-1.1.0-6.fc42.x86_64 1737032420 861466 826f9e53331310302fafd24da4bccd61 installed
libnghttp2-1.64.0-3.fc42.x86_64 1737624678 174468 290af820260fa60369ea13430fbe0b50 installed
xxhash-libs-0.8.3-2.fc42.x86_64 1737304353 92314 b92aac4960943aa181934373497edc36 installed
keyutils-libs-1.6.3-5.fc42.x86_64 1737103574 59675 b2971aab162edb6a167c849b484352cd installed
libcom_err-1.47.2-3.fc42.x86_64 1737049036 68721 c4c84b80a841754f62f7faaf7e3290a9 installed
libverto-0.3.2-10.fc42.x86_64 1737125909 25997 67b002fc387f187e2465dabc207fb205 installed
krb5-libs-1.21.3-6.fc42.x86_64 1749214156 2393695 eeb859d1ca179536a897bced49d3fa68 installed
libssh-0.11.3-1.fc42.x86_64 1757412369 580753 db73c153e5ca3fa160b917c4f8c9700d installed
libtool-ltdl-2.5.4-4.fc42.x86_64 1737360905 71809 e2fb8f721461573fb75934dbbc02a713 installed
gdbm-libs-1:1.23-9.fc42.x86_64 1738167602 132994 eb3c217641f207150f0383355a9cc301 installed
cyrus-sasl-lib-2.1.28-30.fc42.x86_64 1738072003 2409568 57bb98419140886a218ea12148de160c installed
openldap-2.6.10-1.fc42.x86_64 1754443870 671559 0d2731cd7200c1920a27d283076599a2 installed
libcurl-8.11.1-6.fc42.x86_64 1758194929 854078 fa35fdb2eb60c1c2bcb94b9ee9d15b6b installed
elfutils-debuginfod-client-0.194-1.fc42.x86_64 1761688776 85944 e3d6b7dac5d1ec687c4ce1e40a877c0e installed
elfutils-0.194-1.fc42.x86_64 1761688776 3062702 898601f3d972ee650b77040fb692c461 installed
binutils-2.44-6.fc42.x86_64 1753798527 27059738 8bf695c192d313fbde0eaf67b8ae50a6 installed
gdb-minimal-16.3-1.fc42.x86_64 1747165509 13890089 ed6dd60318c968a5cfe1013aa1f558ca installed
debugedit-5.1-7.fc42.x86_64 1750452935 197327 e14655b9fd01061c6c771a8a2648f4f9 installed
curl-8.11.1-6.fc42.x86_64 1758194929 461458 65bf09f9c80d41f2f9b58a7b5d9d465b installed
rpm-4.20.1-1.fc42.x86_64 1741603653 3202511 28151b7cbaf346731ceb87cc669a6c22 installed
lua-srpm-macros-1-15.fc42.noarch 1737130969 1367 a6881b2eb706e19adfebfb90907cf9ce installed
tree-sitter-srpm-macros-0.1.0-8.fc42.noarch 1738421056 6670 410a45bf69546af1d7521bbc3e1fb8c6 installed
zig-srpm-macros-1-4.fc42.noarch 1737305483 1121 09402bef4df998e3196ec648f6a71886 installed
efi-srpm-macros-6-3.fc42.noarch 1745322547 41108 6395eeee3742c391ec40180002393a7e installed
perl-srpm-macros-1-57.fc42.noarch 1737190114 861 771d91d34c8fb28803f7bf55512ab85a installed
package-notes-srpm-macros-0.5-13.fc42.noarch 1737153866 1631 d3983757177256594fa8340e230c3b7c installed
openblas-srpm-macros-2-19.fc42.noarch 1737149977 112 988ca8e8564985e80ce473dbc0d5d6e3 installed
ocaml-srpm-macros-10-4.fc42.noarch 1737148365 1959 f661b75c69de2819191e907cd7660e1c installed
kernel-srpm-macros-1.0-25.fc42.noarch 1737103383 1964 1560b239671379a50924042186153f6d installed
gnat-srpm-macros-6-7.fc42.noarch 1737067124 1019 3447094e701e19f40c0af37ef35e8a5b installed
ghc-srpm-macros-1.9.2-2.fc42.noarch 1737063350 779 8304c96df6ebb48db1d813194486252b installed
fpc-srpm-macros-1.3-14.fc42.noarch 1737053777 144 836adbeac56f5f6411943ce9c8bfb276 installed
ansible-srpm-macros-1-17.1.fc42.noarch 1737026072 36518 0ea6bf87e3cd06449d9bc0f76a7dcb15 installed
forge-srpm-macros-0.4.0-2.fc42.noarch 1737054298 39882 132621a18ca9d6965d8056420c6d4212 installed
fonts-srpm-macros-1:2.0.5-22.fc42.noarch 1748339605 57184 6f8691ccaa8e3f4efa660140279dca34 installed
go-srpm-macros-3.8.0-1.fc42.noarch 1756956513 63363 2099310dc69b377f7d02d77f3739c02f installed
python-srpm-macros-3.13-5.fc42.noarch 1753106285 52213 ce4fc5f8c7a2235199c96d41b0fe3c9e installed
redhat-rpm-config-342-4.fc42.noarch 1744367510 190000 8ea3329d2deb6243e7bd29e700a10555 installed
rpm-build-4.20.1-1.fc42.x86_64 1741603653 172777 7f87f22b2e59d0223c81797784bb7bef installed
pyproject-srpm-macros-1.18.4-1.fc42.noarch 1756811095 1945 c3f9c41470e1ae22811c008c05616a24 installed
util-linux-2.40.4-7.fc42.x86_64 1740398558 3562490 465a163c09d3d27d67124ce09efd538f installed
which-2.23-2.fc42.x86_64 1750262292 85504 1710fe1747b8e5aa82cf533ffd3a71de installed
info-7.2-3.fc42.x86_64 1737466532 366455 566bb1fdee426bdcd72276be7537d024 installed
libmpc-1.3.1-7.fc42.x86_64 1737116037 168484 783d9027d9fd5316557295bd661ff209 installed
libssh2-1.11.1-3.fc42.x86_64 1737360656 330437 175a6f5fc10d5771efe54d4eaf8aa9d4 installed
cpp-15.2.1-3.fc42.x86_64 1761135556 39781425 6beae12b4a0455e72c53907e9b3e06ce installed
annobin-docs-12.94-1.fc42.noarch 1747131675 101230 984f57e2325ed83d5cc4bd817d9e2719 installed
llhttp-9.2.1-6.fc42.x86_64 1760825221 74275 5a0b734a52b7797367a63b9038b66a01 installed
libgit2-1.9.0-4.fc42.x86_64 1737321979 1390674 0cb1623d9b78a8f915262c446bf86e9a installed
kernel-headers-6.17.4-200.fc42.x86_64 1760891798 7052259 9d855495c43ff850f5deffee14399340 installed
libxcrypt-devel-4.5.0-1.fc42.x86_64 1762258614 31862 3e05ff69c782451e419f48a7a053061b installed
glibc-devel-2.41-11.fc42.x86_64 1756199490 2370677 7e50cc606946f0bc9992c8e1aca02f7f installed
libedit-3.1-56.20251016cvs.fc42.x86_64 1760645011 245949 b5c93192e03b805c12bc2f4a256b11a3 installed
llvm-filesystem-20.1.8-4.fc42.x86_64 1755676293 0 700c34c2239e7c7ffff57d8ed99bfbb8 installed
llvm-libs-20.1.8-4.fc42.x86_64 1755676293 143730759 725caec3295fa17e5f58e37140b205ad installed
make-1:4.4.1-10.fc42.x86_64 1737132723 1880271 f28d8e480c08b6aef15d36403f8ea596 installed
gcc-15.2.1-3.fc42.x86_64 1761135556 116647143 0f8f35eea76f6eb15700cb5d66f22ad6 installed
rust-std-static-1.91.0-1.fc42.x86_64 1761860692 171923918 8c8bc1a519f4135b49e439b5e04ca2e9 installed
rust-1.91.0-1.fc42.x86_64 1761860692 98387125 c12c691e155b5f0ea48ae39ebb49a194 installed
cargo-1.91.0-1.fc42.x86_64 1761860692 24038226 ac1cee595e009834bb9166d71197dce5 installed
gcc-plugin-annobin-15.2.1-3.fc42.x86_64 1761135556 58514 a2a72a858e6a082e70f0bceb988ffc86 installed
annobin-plugin-gcc-12.94-1.fc42.x86_64 1747131665 1017307 3cf771d12bb7f255a9915e2a51004d5a installed
